[debug] [2017-12-17T16:37:08.104Z] ----------------------------------------------------------------------
[debug] [2017-12-17T16:37:08.106Z] Command:       /usr/local/Cellar/node/8.9.1/bin/node /usr/local/bin/firebase serve
[debug] [2017-12-17T16:37:08.106Z] CLI Version:   3.16.0
[debug] [2017-12-17T16:37:08.106Z] Platform:      darwin
[debug] [2017-12-17T16:37:08.106Z] Node Version:  v8.9.1
[debug] [2017-12-17T16:37:08.106Z] Time:          Sun Dec 17 2017 11:37:08 GMT-0500 (EST)
[debug] [2017-12-17T16:37:08.107Z] ----------------------------------------------------------------------
[debug] 
[debug] [2017-12-17T16:37:08.118Z] > command requires scopes: ["email","openid","https://www.googleapis.com/auth/cloudplatformprojects.readonly","https://www.googleapis.com/auth/firebase","https://www.googleapis.com/auth/cloud-platform"]
[debug] [2017-12-17T16:37:08.118Z] > authorizing via signed-in user
[debug] [2017-12-17T16:37:08.120Z] > refreshing access token with scopes: ["email","https://www.googleapis.com/auth/cloud-platform","https://www.googleapis.com/auth/cloudplatformprojects.readonly","https://www.googleapis.com/auth/firebase","openid"]
[debug] [2017-12-17T16:37:08.120Z] >>> HTTP REQUEST POST https://www.googleapis.com/oauth2/v3/token  
 { refresh_token: '1/5dPe73xTjZd7Ds9cTnpsGlanMhLJSNT3uAGMmNsZb7o',
  client_id: '563584335869-fgrhgmd47bqnekij5i8b5pr03ho849e6.apps.googleusercontent.com',
  client_secret: 'j9iVZfS8kkCEFUPaAeJV0sAi',
  grant_type: 'refresh_token',
  scope: 'email https://www.googleapis.com/auth/cloud-platform https://www.googleapis.com/auth/cloudplatformprojects.readonly https://www.googleapis.com/auth/firebase openid' } 
 Sun Dec 17 2017 11:37:08 GMT-0500 (EST)
[debug] [2017-12-17T16:37:08.280Z] <<< HTTP RESPONSE 200
[debug] [2017-12-17T16:37:08.292Z] >>> HTTP REQUEST GET https://admin.firebase.com/v1/projects/cryptoboard2  
  
 Sun Dec 17 2017 11:37:08 GMT-0500 (EST)
[debug] [2017-12-17T16:37:09.232Z] <<< HTTP RESPONSE 200
[debug] [2017-12-17T16:37:09.232Z] >>> HTTP REQUEST GET https://admin.firebase.com/v1/database/cryptoboard2/tokens  
  
 Sun Dec 17 2017 11:37:09 GMT-0500 (EST)
[debug] [2017-12-17T16:37:10.268Z] <<< HTTP RESPONSE 200
[info] 
[info] === Serving from '/Users/cohan/Desktop/Projects/cryptodash'...
[info] 
[debug] [2017-12-17T16:37:10.270Z] >>> HTTP REQUEST GET https://cloudresourcemanager.googleapis.com/v1/projects/cryptoboard2  
  
 Sun Dec 17 2017 11:37:10 GMT-0500 (EST)
[debug] [2017-12-17T16:37:10.715Z] <<< HTTP RESPONSE 200
[debug] [2017-12-17T16:37:10.716Z] >>> HTTP REQUEST GET https://mobilesdk-pa.googleapis.com/v1/projects/650100096146/clients/_:getWebAppConfig  
  
 Sun Dec 17 2017 11:37:10 GMT-0500 (EST)
[debug] [2017-12-17T16:37:11.299Z] <<< HTTP RESPONSE 200
[info] i  hosting: Serving hosting files from: ./
[info] ✔  hosting: Local server: http://localhost:5000

